[INFO] Scanning for projects...
[INFO] 
[INFO] ------------------------< sw.laux:Studentrack >-------------------------
[INFO] Building Studentrack 0.0.1-SNAPSHOT
[INFO] --------------------------------[ jar ]---------------------------------
[INFO] 
[INFO] --- maven-dependency-plugin:3.1.2:tree (default-cli) @ Studentrack ---
[INFO] sw.laux:Studentrack:jar:0.0.1-SNAPSHOT
[INFO] +- org.springframework.boot:spring-boot-starter-data-jpa:jar:2.5.6:compile
[INFO] |  +- org.springframework.boot:spring-boot-starter-aop:jar:2.5.6:compile
[INFO] |  |  \- org.aspectj:aspectjweaver:jar:1.9.7:compile
[INFO] |  +- org.springframework.boot:spring-boot-starter-jdbc:jar:2.5.6:compile
[INFO] |  |  +- com.zaxxer:HikariCP:jar:4.0.3:compile
[INFO] |  |  \- org.springframework:spring-jdbc:jar:5.3.12:compile
[INFO] |  +- jakarta.transaction:jakarta.transaction-api:jar:1.3.3:compile
[INFO] |  +- jakarta.persistence:jakarta.persistence-api:jar:2.2.3:compile
[INFO] |  +- org.hibernate:hibernate-core:jar:5.4.32.Final:compile
[INFO] |  |  +- org.jboss.logging:jboss-logging:jar:3.4.2.Final:compile
[INFO] |  |  +- org.javassist:javassist:jar:3.27.0-GA:compile
[INFO] |  |  +- net.bytebuddy:byte-buddy:jar:1.10.22:compile
[INFO] |  |  +- antlr:antlr:jar:2.7.7:compile
[INFO] |  |  +- org.jboss:jandex:jar:2.2.3.Final:compile
[INFO] |  |  +- com.fasterxml:classmate:jar:1.5.1:compile
[INFO] |  |  +- org.dom4j:dom4j:jar:2.1.3:compile
[INFO] |  |  +- org.hibernate.common:hibernate-commons-annotations:jar:5.1.2.Final:compile
[INFO] |  |  \- org.glassfish.jaxb:jaxb-runtime:jar:2.3.5:compile
[INFO] |  |     +- org.glassfish.jaxb:txw2:jar:2.3.5:compile
[INFO] |  |     +- com.sun.istack:istack-commons-runtime:jar:3.0.12:compile
[INFO] |  |     \- com.sun.activation:jakarta.activation:jar:1.2.2:runtime
[INFO] |  +- org.springframework.data:spring-data-jpa:jar:2.5.6:compile
[INFO] |  |  +- org.springframework.data:spring-data-commons:jar:2.5.6:compile
[INFO] |  |  +- org.springframework:spring-orm:jar:5.3.12:compile
[INFO] |  |  \- org.springframework:spring-tx:jar:5.3.12:compile
[INFO] |  \- org.springframework:spring-aspects:jar:5.3.12:compile
[INFO] +- org.springframework.boot:spring-boot-starter-web:jar:2.5.6:compile
[INFO] |  +- org.springframework.boot:spring-boot-starter:jar:2.5.6:compile
[INFO] |  |  +- org.springframework.boot:spring-boot:jar:2.5.6:compile
[INFO] |  |  +- org.springframework.boot:spring-boot-autoconfigure:jar:2.5.6:compile
[INFO] |  |  +- org.springframework.boot:spring-boot-starter-logging:jar:2.5.6:compile
[INFO] |  |  |  \- org.slf4j:jul-to-slf4j:jar:1.7.32:compile
[INFO] |  |  +- jakarta.annotation:jakarta.annotation-api:jar:1.3.5:compile
[INFO] |  |  \- org.yaml:snakeyaml:jar:1.28:compile
[INFO] |  +- org.springframework.boot:spring-boot-starter-json:jar:2.5.6:compile
[INFO] |  |  +- com.fasterxml.jackson.core:jackson-databind:jar:2.12.5:compile
[INFO] |  |  |  +- com.fasterxml.jackson.core:jackson-annotations:jar:2.12.5:compile
[INFO] |  |  |  \- com.fasterxml.jackson.core:jackson-core:jar:2.12.5:compile
[INFO] |  |  +- com.fasterxml.jackson.datatype:jackson-datatype-jdk8:jar:2.12.5:compile
[INFO] |  |  +- com.fasterxml.jackson.datatype:jackson-datatype-jsr310:jar:2.12.5:compile
[INFO] |  |  \- com.fasterxml.jackson.module:jackson-module-parameter-names:jar:2.12.5:compile
[INFO] |  +- org.springframework.boot:spring-boot-starter-tomcat:jar:2.5.6:compile
[INFO] |  |  +- org.apache.tomcat.embed:tomcat-embed-core:jar:9.0.54:compile
[INFO] |  |  +- org.apache.tomcat.embed:tomcat-embed-el:jar:9.0.54:compile
[INFO] |  |  \- org.apache.tomcat.embed:tomcat-embed-websocket:jar:9.0.54:compile
[INFO] |  +- org.springframework:spring-web:jar:5.3.12:compile
[INFO] |  \- org.springframework:spring-webmvc:jar:5.3.12:compile
[INFO] |     \- org.springframework:spring-expression:jar:5.3.12:compile
[INFO] +- mysql:mysql-connector-java:jar:8.0.27:runtime
[INFO] +- org.springframework.boot:spring-boot-starter-test:jar:2.5.6:test
[INFO] |  +- org.springframework.boot:spring-boot-test:jar:2.5.6:test
[INFO] |  +- org.springframework.boot:spring-boot-test-autoconfigure:jar:2.5.6:test
[INFO] |  +- com.jayway.jsonpath:json-path:jar:2.5.0:test
[INFO] |  |  \- net.minidev:json-smart:jar:2.4.7:test
[INFO] |  |     \- net.minidev:accessors-smart:jar:2.4.7:test
[INFO] |  |        \- org.ow2.asm:asm:jar:9.1:test
[INFO] |  +- jakarta.xml.bind:jakarta.xml.bind-api:jar:2.3.3:compile
[INFO] |  |  \- jakarta.activation:jakarta.activation-api:jar:1.2.2:compile
[INFO] |  +- org.assertj:assertj-core:jar:3.19.0:test
[INFO] |  +- org.hamcrest:hamcrest:jar:2.2:test
[INFO] |  +- org.junit.jupiter:junit-jupiter:jar:5.7.2:test
[INFO] |  |  +- org.junit.jupiter:junit-jupiter-api:jar:5.7.2:test
[INFO] |  |  |  +- org.apiguardian:apiguardian-api:jar:1.1.0:test
[INFO] |  |  |  +- org.opentest4j:opentest4j:jar:1.2.0:test
[INFO] |  |  |  \- org.junit.platform:junit-platform-commons:jar:1.7.2:test
[INFO] |  |  +- org.junit.jupiter:junit-jupiter-params:jar:5.7.2:test
[INFO] |  |  \- org.junit.jupiter:junit-jupiter-engine:jar:5.7.2:test
[INFO] |  |     \- org.junit.platform:junit-platform-engine:jar:1.7.2:test
[INFO] |  +- org.mockito:mockito-core:jar:3.9.0:test
[INFO] |  |  +- net.bytebuddy:byte-buddy-agent:jar:1.10.22:test
[INFO] |  |  \- org.objenesis:objenesis:jar:3.2:test
[INFO] |  +- org.mockito:mockito-junit-jupiter:jar:3.9.0:test
[INFO] |  +- org.skyscreamer:jsonassert:jar:1.5.0:test
[INFO] |  |  \- com.vaadin.external.google:android-json:jar:0.0.20131108.vaadin1:test
[INFO] |  +- org.springframework:spring-core:jar:5.3.12:compile
[INFO] |  |  \- org.springframework:spring-jcl:jar:5.3.12:compile
[INFO] |  +- org.springframework:spring-test:jar:5.3.12:compile
[INFO] |  \- org.xmlunit:xmlunit-core:jar:2.8.3:test
[INFO] +- org.springframework.boot:spring-boot-starter-thymeleaf:jar:2.5.6:compile
[INFO] |  +- org.thymeleaf:thymeleaf-spring5:jar:3.0.12.RELEASE:compile
[INFO] |  |  \- org.thymeleaf:thymeleaf:jar:3.0.12.RELEASE:compile
[INFO] |  |     +- org.attoparser:attoparser:jar:2.0.5.RELEASE:compile
[INFO] |  |     \- org.unbescape:unbescape:jar:1.1.6.RELEASE:compile
[INFO] |  \- org.thymeleaf.extras:thymeleaf-extras-java8time:jar:3.0.4.RELEASE:compile
[INFO] +- org.springframework.security:spring-security-test:jar:5.5.3:compile
[INFO] |  +- org.springframework.security:spring-security-core:jar:5.5.3:compile
[INFO] |  |  \- org.springframework.security:spring-security-crypto:jar:5.5.3:compile
[INFO] |  \- org.springframework.security:spring-security-web:jar:5.5.3:compile
[INFO] +- org.springframework.security:spring-security-config:jar:5.5.3:compile
[INFO] |  +- org.springframework:spring-aop:jar:5.3.12:compile
[INFO] |  +- org.springframework:spring-beans:jar:5.3.12:compile
[INFO] |  \- org.springframework:spring-context:jar:5.3.12:compile
[INFO] +- org.thymeleaf.extras:thymeleaf-extras-springsecurity5:jar:3.0.4.RELEASE:compile
[INFO] |  \- org.slf4j:slf4j-api:jar:1.7.32:compile
[INFO] +- ch.qos.logback:logback-classic:jar:1.2.8:compile
[INFO] |  \- ch.qos.logback:logback-core:jar:1.2.6:compile
[INFO] \- sw.helblingd:terminportal-backend:jar:0.0.1-SNAPSHOT:compile
[INFO] ------------------------------------------------------------------------
[INFO] BUILD SUCCESS
[INFO] ------------------------------------------------------------------------
[INFO] Total time:  2.761 s
[INFO] Finished at: 2022-01-14T20:15:44+01:00
[INFO] ------------------------------------------------------------------------
